2021-11-22 23:39:37,089  INFO [main] BigSmall:30 - Browser Launched successfully
2021-11-22 23:39:42,002  INFO [main] BigSmall:40 - Landing at Home Page
2021-11-22 23:39:44,062  INFO [main] BigSmall:36 - Driver received from HomePageSD
2021-11-22 23:39:49,004  INFO [main] BigSmall:44 - Successfully directed to Sign In Page
2021-11-22 23:39:52,248  INFO [main] BigSmall:54 - Entered username-> 
2021-11-22 23:39:52,459  INFO [main] BigSmall:57 - Entered password-> 
2021-11-22 23:39:54,842  INFO [main] BigSmall:64 - Clicked on Submit button
2021-11-22 23:39:58,864  INFO [main] BigSmall:36 - Driver received from HomePageSD
2021-11-22 23:40:03,600  INFO [main] BigSmall:44 - Successfully directed to Sign In Page
2021-11-22 23:40:06,972  INFO [main] BigSmall:54 - Entered username-> simon@123
2021-11-22 23:40:07,294  INFO [main] BigSmall:57 - Entered password-> abcd
2021-11-22 23:40:07,748  INFO [main] BigSmall:64 - Clicked on Submit button
2021-11-22 23:40:11,792  INFO [main] BigSmall:36 - Driver received from HomePageSD
2021-11-22 23:40:16,775  INFO [main] BigSmall:44 - Successfully directed to Sign In Page
2021-11-22 23:40:20,184  INFO [main] BigSmall:54 - Entered username-> Heloo1234@gmail.com
2021-11-22 23:40:20,436  INFO [main] BigSmall:57 - Entered password-> hello123
2021-11-22 23:40:20,591  INFO [main] BigSmall:64 - Clicked on Submit button
2021-11-22 23:40:24,637  INFO [main] BigSmall:38 - Received driver from LoginSD
2021-11-22 23:40:29,510  INFO [main] BigSmall:50 - Clicked on Personalized Gifts
2021-11-22 23:40:29,696  INFO [main] BigSmall:58 - Clicked on Sortby
2021-11-22 23:40:32,736  INFO [main] BigSmall:64 - Clicked on Hgih to Low
2021-11-22 23:40:33,437  INFO [main] BigSmall:71 - Successfully Sorted Products High to Low based on price
2021-11-22 23:40:35,459  INFO [main] BigSmall:37 - Received driver form Personalized Gift
2021-11-22 23:40:35,459  INFO [main] BigSmall:45 - Search Box Activated
2021-11-22 23:40:39,611  INFO [main] BigSmall:54 - product name has been sent to search box
2021-11-22 23:40:39,611  INFO [main] BigSmall:59 - Successfully searched product - Diary
2021-11-22 23:40:39,899  INFO [main] BigSmall:66 - Successfully verified products are displayed
2021-11-22 23:40:41,931  INFO [main] BigSmall:32 - Received Driver from SearchSD
2021-11-22 23:40:45,923  INFO [main] BigSmall:42 - Successfully navigated to Christmas Gifts
2021-11-22 23:40:51,149  INFO [main] BigSmall:50 - Selected first product
2021-11-22 23:40:51,955  INFO [main] BigSmall:57 - Added product to cart
2021-11-22 23:40:52,780  INFO [main] BigSmall:63 - Clicked on Checkout
2021-11-22 23:40:55,046  INFO [main] BigSmall:71 - Closed pop up after dsiplay
2021-11-22 23:41:04,281  INFO [main] BigSmall:81 - Proceeded to checkout and returned to cart
2021-11-22 23:41:06,313  INFO [main] BigSmall:32 - Received driver from Christmas Gift
2021-11-22 23:41:09,579  INFO [main] BigSmall:44 - Clicked On Shop By Category Drop Down
2021-11-22 23:41:13,738  INFO [main] BigSmall:51 - Selected 18th Birthday Gift
2021-11-22 23:41:15,746  INFO [main] BigSmall:53 - selected 18th Birthday Gift
2021-11-22 23:41:22,573  INFO [main] BigSmall:60 - Clicked On First Shop Product
2021-11-22 23:41:23,233  INFO [main] BigSmall:67 - Clicked On Add to Wishlist
2021-11-22 23:41:23,657  INFO [main] BigSmall:74 - Successfully Added Product to Wishlist
2021-11-22 23:41:25,669  INFO [main] BigSmall:32 - Received driver from Shop By Category
2021-11-22 23:41:31,525  INFO [main] BigSmall:43 - Navigated to All of it Page
2021-11-22 23:41:31,609  INFO [main] BigSmall:51 - Verified Auto Rickshaw Pen Stand
2021-11-22 23:41:33,626  INFO [main] BigSmall:32 - Received driver from AllofItSD
2021-11-22 23:41:39,116  INFO [main] BigSmall:45 - Wishlist Page
2021-11-22 23:41:41,435  INFO [main] BigSmall:60 - Products are displayed in Wishlist
2021-11-22 23:41:43,441  INFO [main] BigSmall:30 - Received driver from GiftCardSD
2021-11-22 23:41:45,554  INFO [main] BigSmall:40 - About Us Page
2021-11-22 23:41:45,751  INFO [main] BigSmall:47 - Verified title of About Us Page
2021-11-22 23:41:47,774  INFO [main] BigSmall:30 - Received driver from WishlistSD
2021-11-22 23:41:50,033  INFO [main] BigSmall:41 - Gift Cards Page
2021-11-22 23:41:52,704  INFO [main] BigSmall:49 - Added Gift Card to cart
2021-11-22 23:41:52,787  INFO [main] BigSmall:56 - Verified cart
2021-11-22 23:41:54,928  INFO [main] ContactUsSD:34 - Received driver from AboutUsSD
2021-11-22 23:41:56,975  INFO [main] ContactUsSD:42 - clicked on contact us
2021-11-22 23:41:58,084  INFO [main] ContactUsSD:53 - all info added
2021-11-22 23:42:00,151  INFO [main] ContactUsSD:64 - thank you for contacting us
